2025-01-11 19:16:16,896 [INFO] ==================================================
2025-01-11 19:16:16,897 [INFO] Starting Flask Application
2025-01-11 19:16:16,897 [INFO] ==================================================
2025-01-11 19:16:16,925 [WARNING]  * Debugger is active!
2025-01-11 19:16:16,933 [INFO]  * Debugger PIN: 306-153-442
2025-01-11 19:16:29,645 [INFO] Request path: /api/analyze
2025-01-11 19:16:29,645 [INFO] Request method: OPTIONS
2025-01-11 19:16:29,645 [INFO] Request headers: {'Host': 'localhost:5000', 'Connection': 'keep-alive', 'Accept': '*/*', 'Access-Control-Request-Method': 'POST', 'Access-Control-Request-Headers': 'content-type', 'Origin': 'http://localhost:5173', 'User-Agent': 'Mozilla/5.0 (Windows NT 10.0; Win64; x64) AppleWebKit/537.36 (KHTML, like Gecko) Chrome/131.0.0.0 Safari/537.36', 'Sec-Fetch-Mode': 'cors', 'Sec-Fetch-Site': 'same-site', 'Sec-Fetch-Dest': 'empty', 'Referer': 'http://localhost:5173/', 'Accept-Encoding': 'gzip, deflate, br, zstd', 'Accept-Language': 'en-US,en;q=0.9'}
2025-01-11 19:16:29,651 [INFO] Response status: 200 OK
2025-01-11 19:16:29,652 [INFO] Response headers: {'Content-Type': 'text/html; charset=utf-8', 'Allow': 'POST, OPTIONS'}
2025-01-11 19:16:29,653 [INFO] 127.0.0.1 - - [11/Jan/2025 19:16:29] "OPTIONS /api/analyze HTTP/1.1" 200 -
2025-01-11 19:16:29,913 [INFO] Request path: /api/analyze
2025-01-11 19:16:29,914 [INFO] Request method: POST
2025-01-11 19:16:29,916 [INFO] Request headers: {'Host': 'localhost:5000', 'Connection': 'keep-alive', 'Content-Length': '69', 'Sec-Ch-Ua-Platform': '"Windows"', 'User-Agent': 'Mozilla/5.0 (Windows NT 10.0; Win64; x64) AppleWebKit/537.36 (KHTML, like Gecko) Chrome/131.0.0.0 Safari/537.36', 'Sec-Ch-Ua': '"Google Chrome";v="131", "Chromium";v="131", "Not_A Brand";v="24"', 'Content-Type': 'application/json', 'Sec-Ch-Ua-Mobile': '?0', 'Accept': '*/*', 'Origin': 'http://localhost:5173', 'Sec-Fetch-Site': 'same-site', 'Sec-Fetch-Mode': 'cors', 'Sec-Fetch-Dest': 'empty', 'Referer': 'http://localhost:5173/', 'Accept-Encoding': 'gzip, deflate, br, zstd', 'Accept-Language': 'en-US,en;q=0.9'}
2025-01-11 19:16:29,921 [INFO] ==================================================
2025-01-11 19:16:29,922 [INFO] New Request Received
2025-01-11 19:16:29,924 [INFO] ==================================================
2025-01-11 19:16:29,925 [INFO] Time: 2025-01-11T19:16:29.925062
2025-01-11 19:16:29,926 [INFO] Method: POST
2025-01-11 19:16:29,927 [INFO] Headers: {'Host': 'localhost:5000', 'Connection': 'keep-alive', 'Content-Length': '69', 'Sec-Ch-Ua-Platform': '"Windows"', 'User-Agent': 'Mozilla/5.0 (Windows NT 10.0; Win64; x64) AppleWebKit/537.36 (KHTML, like Gecko) Chrome/131.0.0.0 Safari/537.36', 'Sec-Ch-Ua': '"Google Chrome";v="131", "Chromium";v="131", "Not_A Brand";v="24"', 'Content-Type': 'application/json', 'Sec-Ch-Ua-Mobile': '?0', 'Accept': '*/*', 'Origin': 'http://localhost:5173', 'Sec-Fetch-Site': 'same-site', 'Sec-Fetch-Mode': 'cors', 'Sec-Fetch-Dest': 'empty', 'Referer': 'http://localhost:5173/', 'Accept-Encoding': 'gzip, deflate, br, zstd', 'Accept-Language': 'en-US,en;q=0.9'}
2025-01-11 19:16:29,930 [INFO] URL: http://localhost:5000/api/analyze
2025-01-11 19:16:29,931 [INFO] Data: {'url': 'https://supabase.com/dashboard/project/lffheydtfsflsfjcokwj'}
2025-01-11 19:16:29,931 [INFO] --------------------------------------------------
2025-01-11 19:16:29,932 [INFO] Starting analysis for URL: https://supabase.com/dashboard/project/lffheydtfsflsfjcokwj
2025-01-11 19:16:29,932 [INFO] Generating Node.js crawler script
2025-01-11 19:16:29,933 [INFO] Writing temporary script to temp_script.js
2025-01-11 19:16:29,934 [INFO] Executing Node.js crawler script
2025-01-11 19:16:59,863 [INFO] Node.js process completed in 29.93 seconds
2025-01-11 19:16:59,864 [INFO] Cleaning up temporary files
2025-01-11 19:16:59,864 [DEBUG] stdout: Starting crawler...
Initialized crawler, beginning website analysis...
Analysis complete, sending results...
{"url":"https://supabase.com/dashboard/project/lffheydtfsflsfjcokwj","title":"Supabase","depth":0,"metadata":{"description":null,"keywords":null},"elements":{"links":[{"text":"","href":"https://supabase.com/","isNavigation":true,"attributes":{"id":"","class":"","target":"","rel":""}},{"text":"Documentation","href":"https://supabase.com/docs","isNavigation":true,"attributes":{"id":"","class":"relative justify-center cursor-pointer inline-flex items-center space-x-2 text-center font-regular ease-out duration-200 rounded-md outline-none transition-all outline-0 focus-visible:outline-4 focus-visible:outline-offset-1 border text-foreground bg-alternative dark:bg-muted hover:bg-selection border-strong hover:border-stronger focus-visible:outline-brand-600 data-[state=open]:bg-selection data-[state=open]:outline-brand-600 data-[state=open]:border-button-hover text-xs px-2.5 py-1 h-[26px...
2025-01-11 19:16:59,865 [INFO] Parsing crawler results
2025-01-11 19:16:59,866 [ERROR] JSON Parse Error: Expecting value: line 1 column 1 (char 0)
2025-01-11 19:16:59,866 [ERROR] Problematic JSON: Starting crawler...
Initialized crawler, beginning website analysis...
Analysis complete, sending results...
{"url":"https://supabase.com/dashboard/project/lffheydtfsflsfjcokwj","title":"Supabase","depth":0,"metadata":{"description":null,"keywords":null},"elements":{"links":[{"text":"","href":"https://supabase.com/","isNavigation":true,"attributes":{"id":"","class":"","target":"","rel":""}},{"text":"Documentation","href":"https://supabase.com/docs","isNavigation":true,"attributes":{"id":"","clas...
2025-01-11 19:16:59,867 [INFO] Response status: 500 INTERNAL SERVER ERROR
2025-01-11 19:16:59,867 [INFO] Response headers: {'Content-Type': 'application/json', 'Content-Length': '106'}
2025-01-11 19:16:59,868 [INFO] 127.0.0.1 - - [11/Jan/2025 19:16:59] "[35m[1mPOST /api/analyze HTTP/1.1[0m" 500 -
2025-01-11 19:18:30,656 [INFO]  * Detected change in 'C:\\Users\\anshu\\OneDrive\\Desktop\\coding\\ux improvement\\versionone\\backend\\app.py', reloading
